2018-03-02 00:11:38.914 INFO [main] com.adelean.main.MainApp - [MainApp.java:30] Start application...
2018-03-02 00:11:38.919 INFO [main] com.adelean.util.XmlParser - [XmlParser.java:87] File xml.zip  exists.
2018-03-02 00:11:38.920 INFO [main] com.adelean.util.XmlParser - [XmlParser.java:90] Start unzipping...
2018-03-02 00:11:38.922 INFO [main] com.adelean.util.XmlParser - [XmlParser.java:92] Stop unzipping...
2018-03-02 00:11:38.922 INFO [main] com.adelean.util.XmlParser - [XmlParser.java:87] File xml.xml  exists.
2018-03-02 00:11:38.922 INFO [main] com.adelean.util.XmlParser - [XmlParser.java:99] Start parsing...
2018-03-02 00:11:38.935 INFO [main] com.adelean.util.XmlParser - [XmlParser.java:101] Stop parsing...
2018-03-02 00:11:38.935 INFO [main] com.adelean.main.MainApp - [MainApp.java:32] Stop application...
2018-03-02 00:12:30.243 INFO [main] com.adelean.main.MainApp - [MainApp.java:30] Start application...
2018-03-02 00:12:30.246 INFO [main] com.adelean.util.XmlParser - [XmlParser.java:87] File xml.zip  exists.
2018-03-02 00:12:30.247 INFO [main] com.adelean.util.XmlParser - [XmlParser.java:90] Start unzipping...
2018-03-02 00:12:30.248 INFO [main] com.adelean.util.XmlParser - [XmlParser.java:92] Stop unzipping...
2018-03-02 00:12:30.248 INFO [main] com.adelean.util.XmlParser - [XmlParser.java:87] File xml.xml  exists.
2018-03-02 00:12:30.248 INFO [main] com.adelean.util.XmlParser - [XmlParser.java:99] Start parsing...
2018-03-02 00:12:30.260 INFO [main] com.adelean.util.XmlParser - [XmlParser.java:101] Stop parsing...
2018-03-02 00:12:30.260 INFO [main] com.adelean.main.MainApp - [MainApp.java:32] Stop application...
2018-03-02 00:57:20.700 INFO [main] com.adelean.main.MainApp - [MainApp.java:30] Start application...
2018-03-02 00:57:20.705 INFO [main] com.adelean.util.XmlParser - [XmlParser.java:88] File xml.zip  exists.
2018-03-02 00:57:20.706 INFO [main] com.adelean.util.XmlParser - [XmlParser.java:91] Start unzipping...
2018-03-02 00:57:20.708 INFO [main] com.adelean.util.XmlParser - [XmlParser.java:93] Stop unzipping...
2018-03-02 00:57:20.708 INFO [main] com.adelean.util.XmlParser - [XmlParser.java:88] File xml.xml  exists.
2018-03-02 00:57:20.708 INFO [main] com.adelean.util.XmlParser - [XmlParser.java:100] Start parsing...
2018-03-02 01:01:25.461 INFO [main] com.adelean.main.MainApp - [MainApp.java:30] Start application...
2018-03-02 01:01:25.464 INFO [main] com.adelean.util.XmlParser - [XmlParser.java:88] File xml.zip  exists.
2018-03-02 01:01:25.465 INFO [main] com.adelean.util.XmlParser - [XmlParser.java:91] Start unzipping...
2018-03-02 01:01:25.466 INFO [main] com.adelean.util.XmlParser - [XmlParser.java:93] Stop unzipping...
2018-03-02 01:01:25.466 INFO [main] com.adelean.util.XmlParser - [XmlParser.java:88] File xml.xml  exists.
2018-03-02 01:01:25.466 INFO [main] com.adelean.util.XmlParser - [XmlParser.java:100] Start parsing...
2018-03-02 01:01:28.538 INFO [main] com.adelean.util.XmlParser - [XmlParser.java:105] Stop parsing...
2018-03-02 01:01:28.539 INFO [main] com.adelean.main.MainApp - [MainApp.java:32] Stop application...
2018-03-02 01:02:13.626 INFO [main] com.adelean.main.MainApp - [MainApp.java:30] Start application...
2018-03-02 01:02:13.630 INFO [main] com.adelean.util.XmlParser - [XmlParser.java:88] File xml.zip  exists.
2018-03-02 01:02:13.630 INFO [main] com.adelean.util.XmlParser - [XmlParser.java:91] Start unzipping...
2018-03-02 01:02:13.631 INFO [main] com.adelean.util.XmlParser - [XmlParser.java:93] Stop unzipping...
2018-03-02 01:02:13.631 INFO [main] com.adelean.util.XmlParser - [XmlParser.java:88] File xml.xml  exists.
2018-03-02 01:02:13.631 INFO [main] com.adelean.util.XmlParser - [XmlParser.java:100] Start parsing...
2018-03-02 01:02:16.738 INFO [main] com.adelean.util.XmlParser - [XmlParser.java:105] Stop parsing...
2018-03-02 01:02:16.739 INFO [main] com.adelean.main.MainApp - [MainApp.java:32] Stop application...
2018-03-02 01:03:42.875 INFO [main] com.adelean.main.MainApp - [MainApp.java:30] Start application...
2018-03-02 01:03:42.878 INFO [main] com.adelean.util.XmlParser - [XmlParser.java:88] File xml.zip  exists.
2018-03-02 01:03:42.879 INFO [main] com.adelean.util.XmlParser - [XmlParser.java:91] Start unzipping...
2018-03-02 01:03:42.880 INFO [main] com.adelean.util.XmlParser - [XmlParser.java:93] Stop unzipping...
2018-03-02 01:03:42.880 INFO [main] com.adelean.util.XmlParser - [XmlParser.java:88] File xml.xml  exists.
2018-03-02 01:03:42.880 INFO [main] com.adelean.util.XmlParser - [XmlParser.java:100] Start parsing...
2018-03-02 01:03:46.001 INFO [main] com.adelean.util.XmlParser - [XmlParser.java:105] Stop parsing...
2018-03-02 01:03:46.001 INFO [main] com.adelean.main.MainApp - [MainApp.java:32] Stop application...
